Build started 3/27/2015 10:16:56 PM.
     1>Project "C:\Users\Subash\Documents\Visual Studio 2013\Projects\FPS_Game\FPS_Game\FPS_Game.vcxproj" on node 2 (Build target(s)).
     1>Link:
         C:\Program Files (x86)\Microsoft Visual Studio 12.0\VC\bin\x86_amd64\link.exe /ERRORREPORT:PROMPT /OUT:"C:\Users\Subash\Documents\Visual Studio 2013\Projects\FPS_Game\x64\Debug\FPS_Game.exe" /INCREMENTAL /NOLOGO glfw3dll.lib glew32.lib kernel32.lib user32.lib gdi32.lib winspool.lib comdlg32.lib advapi32.lib shell32.lib ole32.lib oleaut32.lib uuid.lib odbc32.lib odbccp32.lib /MANIFEST /MANIFESTUAC:"level='asInvoker' uiAccess='false'" /manifest:embed /DEBUG /PDB:"C:\Users\Subash\Documents\Visual Studio 2013\Projects\FPS_Game\x64\Debug\FPS_Game.pdb" /SUBSYSTEM:CONSOLE /TLBID:1 /DYNAMICBASE /NXCOMPAT /IMPLIB:"C:\Users\Subash\Documents\Visual Studio 2013\Projects\FPS_Game\x64\Debug\FPS_Game.lib" /MACHINE:X64 x64\Debug\MainGame.obj
     1>MainGame.obj : error LNK2019: unresolved external symbol __imp_glDrawArrays referenced in function main
     1>MainGame.obj : error LNK2019: unresolved external symbol __imp_glewInit referenced in function main
     1>MainGame.obj : error LNK2019: unresolved external symbol glfwInit referenced in function main
     1>MainGame.obj : error LNK2019: unresolved external symbol glfwTerminate referenced in function main
     1>MainGame.obj : error LNK2019: unresolved external symbol glfwWindowHint referenced in function main
     1>MainGame.obj : error LNK2019: unresolved external symbol glfwCreateWindow referenced in function main
     1>MainGame.obj : error LNK2019: unresolved external symbol glfwWindowShouldClose referenced in function main
     1>MainGame.obj : error LNK2019: unresolved external symbol glfwPollEvents referenced in function main
     1>MainGame.obj : error LNK2019: unresolved external symbol glfwMakeContextCurrent referenced in function main
     1>MainGame.obj : error LNK2019: unresolved external symbol glfwSwapBuffers referenced in function main
     1>MainGame.obj : error LNK2001: unresolved external symbol __imp___glewBindBuffer
     1>MainGame.obj : error LNK2001: unresolved external symbol __imp___glewBufferData
     1>MainGame.obj : error LNK2001: unresolved external symbol __imp___glewGenBuffers
     1>MainGame.obj : error LNK2001: unresolved external symbol __imp___glewDisableVertexAttribArray
     1>MainGame.obj : error LNK2001: unresolved external symbol __imp___glewEnableVertexAttribArray
     1>MainGame.obj : error LNK2001: unresolved external symbol __imp___glewVertexAttribPointer
     1>MainGame.obj : error LNK2001: unresolved external symbol __imp___glewCreateVertexArrays
     1>MainGame.obj : error LNK2001: unresolved external symbol __imp___glewBindVertexArray
     1>MainGame.obj : error LNK2001: unresolved external symbol __imp_glewExperimental
     1>C:\Users\Subash\Documents\Visual Studio 2013\Projects\FPS_Game\x64\Debug\FPS_Game.exe : fatal error LNK1120: 19 unresolved externals
     1>Done Building Project "C:\Users\Subash\Documents\Visual Studio 2013\Projects\FPS_Game\FPS_Game\FPS_Game.vcxproj" (Build target(s)) -- FAILED.

Build FAILED.

Time Elapsed 00:00:00.88
