Build started 6/3/2015 10:03:01 AM.
     1>Project "C:\Users\Subash\documents\visual studio 2013\Projects\FPS_Game\FPS_Game\FPS_Game.vcxproj" on node 2 (Build target(s)).
     1>ClCompile:
         C:\Program Files (x86)\Microsoft Visual Studio 12.0\VC\bin\CL.exe /c /I"C:\Users\Subash\Documents\Visual Studio 2013\Projects\FPS_Game\FPS_Game\src\headers" /I"C:\Users\Subash\Documents\Visual Studio 2013\Projects\FPS_Game\FPS_Game\includes" /ZI /nologo /W3 /WX- /Od /Oy- /D WIN32 /D _DEBUG /D _WINDOWS /D _UNICODE /D UNICODE /Gm /EHsc /RTC1 /MDd /GS /fp:precise /Zc:wchar_t /Zc:forScope /Fo"Debug\\" /Fd"Debug\vc120.pdb" /Gd /TP /analyze- /errorReport:prompt src\Code\Camera\Camera.cpp src\Code\Entities\Entity.cpp src\Code\Loading\Loader.cpp src\Code\MainGame\MainGame.cpp src\Code\Math\Matricies.cpp src\Code\ParsingMech\ModelParser.cpp src\Code\RenderMech\Renderer.cpp src\Code\Shading\AbstractShader.cpp
         AbstractShader.cpp
         Renderer.cpp
         ModelParser.cpp
         Matricies.cpp
         MainGame.cpp
         Loader.cpp
         Entity.cpp
         Camera.cpp
         Generating Code...
       Link:
         C:\Program Files (x86)\Microsoft Visual Studio 12.0\VC\bin\link.exe /ERRORREPORT:PROMPT /OUT:"C:\Users\Subash\documents\visual studio 2013\Projects\FPS_Game\Debug\FPS_Game.exe" /INCREMENTAL /NOLOGO glfw3dll.lib glew32.lib libopengl32.a kernel32.lib user32.lib gdi32.lib winspool.lib comdlg32.lib advapi32.lib shell32.lib ole32.lib oleaut32.lib uuid.lib odbc32.lib odbccp32.lib /MANIFEST /MANIFESTUAC:"level='asInvoker' uiAccess='false'" /manifest:embed /DEBUG /PDB:"C:\Users\Subash\documents\visual studio 2013\Projects\FPS_Game\Debug\FPS_Game.pdb" /SUBSYSTEM:CONSOLE /TLBID:1 /DYNAMICBASE /NXCOMPAT /IMPLIB:"C:\Users\Subash\documents\visual studio 2013\Projects\FPS_Game\Debug\FPS_Game.lib" /MACHINE:X86 Debug\Camera.obj
         Debug\Entity.obj
         Debug\Loader.obj
         Debug\MainGame.obj
         Debug\Matricies.obj
         Debug\ModelParser.obj
         Debug\Renderer.obj
         Debug\AbstractShader.obj
         FPS_Game.vcxproj -> C:\Users\Subash\documents\visual studio 2013\Projects\FPS_Game\Debug\FPS_Game.exe
     1>Done Building Project "C:\Users\Subash\documents\visual studio 2013\Projects\FPS_Game\FPS_Game\FPS_Game.vcxproj" (Build target(s)).

Build succeeded.

Time Elapsed 00:00:12.17
